Determining if the pthread_create exist failed with the following output:
Change Dir: /home/deathbian/Documents/CHPS/M1/POO/td2/v2/build/CMakeFiles/CMakeTmp

Run Build Command:"/usr/bin/make" "cmTC_238b3/fast"
/usr/bin/make -f CMakeFiles/cmTC_238b3.dir/build.make CMakeFiles/cmTC_238b3.dir/build
make[1] : on entre dans le répertoire « /home/deathbian/Documents/CHPS/M1/POO/td2/v2/build/CMakeFiles/CMakeTmp »
Building C object CMakeFiles/cmTC_238b3.dir/CheckSymbolExists.c.o
/usr/bin/cc    -o CMakeFiles/cmTC_238b3.dir/CheckSymbolExists.c.o   -c /home/deathbian/Documents/CHPS/M1/POO/td2/v2/build/CMakeFiles/CMakeTmp/CheckSymbolExists.c
Linking C executable cmTC_238b3
/usr/bin/cmake -E cmake_link_script CMakeFiles/cmTC_238b3.dir/link.txt --verbose=1
/usr/bin/cc      CMakeFiles/cmTC_238b3.dir/CheckSymbolExists.c.o  -o cmTC_238b3 
/usr/bin/ld: CMakeFiles/cmTC_238b3.dir/CheckSymbolExists.c.o: in function `main':
CheckSymbolExists.c:(.text+0x1b): undefined reference to `pthread_create'
collect2: error: ld returned 1 exit status
make[1]: *** [CMakeFiles/cmTC_238b3.dir/build.make:87: cmTC_238b3] Error 1
make[1] : on quitte le répertoire « /home/deathbian/Documents/CHPS/M1/POO/td2/v2/build/CMakeFiles/CMakeTmp »
make: *** [Makefile:121: cmTC_238b3/fast] Error 2

File /home/deathbian/Documents/CHPS/M1/POO/td2/v2/build/CMakeFiles/CMakeTmp/CheckSymbolExists.c:
/* */
#include <pthread.h>

int main(int argc, char** argv)
{
  (void)argv;
#ifndef pthread_create
  return ((int*)(&pthread_create))[argc];
#else
  (void)argc;
  return 0;
#endif
}

Determining if the function pthread_create exists in the pthreads failed with the following output:
Change Dir: /home/deathbian/Documents/CHPS/M1/POO/td2/v2/build/CMakeFiles/CMakeTmp

Run Build Command:"/usr/bin/make" "cmTC_7ddad/fast"
/usr/bin/make -f CMakeFiles/cmTC_7ddad.dir/build.make CMakeFiles/cmTC_7ddad.dir/build
make[1] : on entre dans le répertoire « /home/deathbian/Documents/CHPS/M1/POO/td2/v2/build/CMakeFiles/CMakeTmp »
Building C object CMakeFiles/cmTC_7ddad.dir/CheckFunctionExists.c.o
/usr/bin/cc   -DCHECK_FUNCTION_EXISTS=pthread_create   -o CMakeFiles/cmTC_7ddad.dir/CheckFunctionExists.c.o   -c /usr/share/cmake-3.13/Modules/CheckFunctionExists.c
Linking C executable cmTC_7ddad
/usr/bin/cmake -E cmake_link_script CMakeFiles/cmTC_7ddad.dir/link.txt --verbose=1
/usr/bin/cc  -DCHECK_FUNCTION_EXISTS=pthread_create    CMakeFiles/cmTC_7ddad.dir/CheckFunctionExists.c.o  -o cmTC_7ddad -lpthreads 
/usr/bin/ld : ne peut trouver -lpthreads
collect2: error: ld returned 1 exit status
make[1]: *** [CMakeFiles/cmTC_7ddad.dir/build.make:87: cmTC_7ddad] Error 1
make[1] : on quitte le répertoire « /home/deathbian/Documents/CHPS/M1/POO/td2/v2/build/CMakeFiles/CMakeTmp »
make: *** [Makefile:121: cmTC_7ddad/fast] Error 2


